LD_LIBRARY_PATH=.:/home/eypsrcnuygr/.rvm/rubies/ruby-3.1.2/lib pkg-config --exists openssl
LD_LIBRARY_PATH=.:/home/eypsrcnuygr/.rvm/rubies/ruby-3.1.2/lib pkg-config --libs openssl |
=> "-lssl -lcrypto\n"
LD_LIBRARY_PATH=.:/home/eypsrcnuygr/.rvm/rubies/ruby-3.1.2/lib "gcc -o conftest -I/home/eypsrcnuygr/.rvm/rubies/ruby-3.1.2/include/ruby-3.1.0/x86_64-linux -I/home/eypsrcnuygr/.rvm/rubies/ruby-3.1.2/include/ruby-3.1.0/ruby/backward -I/home/eypsrcnuygr/.rvm/rubies/ruby-3.1.2/include/ruby-3.1.0 -I. -I/usr/local/ssl/include    -O3 -fno-fast-math -ggdb3 -Wall -Wextra -Wdeprecated-declarations -Wduplicated-cond -Wimplicit-function-declaration -Wimplicit-int -Wmisleading-indentation -Wpointer-arith -Wwrite-strings -Wimplicit-fallthrough=0 -Wmissing-noreturn -Wno-cast-function-type -Wno-constant-logical-operand -Wno-long-long -Wno-missing-field-initializers -Wno-overlength-strings -Wno-packed-bitfield-compat -Wno-parentheses-equality -Wno-self-assign -Wno-tautological-compare -Wno-unused-parameter -Wno-unused-value -Wsuggest-attribute=format -Wsuggest-attribute=noreturn -Wunused-variable -Wundef  -fPIC conftest.c  -L. -L/home/eypsrcnuygr/.rvm/rubies/ruby-3.1.2/lib -Wl,-rpath,/home/eypsrcnuygr/.rvm/rubies/ruby-3.1.2/lib -L/usr/local/ssl/lib -Wl,-rpath,/usr/local/ssl/lib -L. -fstack-protector-strong -rdynamic -Wl,-export-dynamic -Wl,--no-as-needed     -Wl,-rpath,'/../lib' -Wl,-rpath,'/../lib' -lruby  -lm  -lc"
checked program was:
/* begin */
1: #include "ruby.h"
2: 
3: int main(int argc, char **argv)
4: {
5:   return !!argv[argc];
6: }
/* end */

LD_LIBRARY_PATH=.:/home/eypsrcnuygr/.rvm/rubies/ruby-3.1.2/lib "gcc -o conftest -I/home/eypsrcnuygr/.rvm/rubies/ruby-3.1.2/include/ruby-3.1.0/x86_64-linux -I/home/eypsrcnuygr/.rvm/rubies/ruby-3.1.2/include/ruby-3.1.0/ruby/backward -I/home/eypsrcnuygr/.rvm/rubies/ruby-3.1.2/include/ruby-3.1.0 -I. -I/usr/local/ssl/include    -O3 -fno-fast-math -ggdb3 -Wall -Wextra -Wdeprecated-declarations -Wduplicated-cond -Wimplicit-function-declaration -Wimplicit-int -Wmisleading-indentation -Wpointer-arith -Wwrite-strings -Wimplicit-fallthrough=0 -Wmissing-noreturn -Wno-cast-function-type -Wno-constant-logical-operand -Wno-long-long -Wno-missing-field-initializers -Wno-overlength-strings -Wno-packed-bitfield-compat -Wno-parentheses-equality -Wno-self-assign -Wno-tautological-compare -Wno-unused-parameter -Wno-unused-value -Wsuggest-attribute=format -Wsuggest-attribute=noreturn -Wunused-variable -Wundef  -fPIC conftest.c  -L. -L/home/eypsrcnuygr/.rvm/rubies/ruby-3.1.2/lib -Wl,-rpath,/home/eypsrcnuygr/.rvm/rubies/ruby-3.1.2/lib -L/usr/local/ssl/lib -Wl,-rpath,/usr/local/ssl/lib -L. -fstack-protector-strong -rdynamic -Wl,-export-dynamic -Wl,--no-as-needed     -Wl,-rpath,'/../lib' -Wl,-rpath,'/../lib' -lruby -lssl -lcrypto -lm  -lc"
checked program was:
/* begin */
1: #include "ruby.h"
2: 
3: int main(int argc, char **argv)
4: {
5:   return !!argv[argc];
6: }
/* end */

LD_LIBRARY_PATH=.:/home/eypsrcnuygr/.rvm/rubies/ruby-3.1.2/lib pkg-config --cflags-only-I openssl |
=> "\n"
LD_LIBRARY_PATH=.:/home/eypsrcnuygr/.rvm/rubies/ruby-3.1.2/lib pkg-config --cflags-only-other openssl |
=> "\n"
LD_LIBRARY_PATH=.:/home/eypsrcnuygr/.rvm/rubies/ruby-3.1.2/lib pkg-config --libs-only-l openssl |
=> "-lssl -lcrypto\n"
package configuration for openssl
incflags: 
cflags: 
ldflags: 
libs: -lssl -lcrypto

have_header: checking for openssl/bio.h... -------------------- yes

LD_LIBRARY_PATH=.:/home/eypsrcnuygr/.rvm/rubies/ruby-3.1.2/lib "gcc -I/home/eypsrcnuygr/.rvm/rubies/ruby-3.1.2/include/ruby-3.1.0/x86_64-linux -I/home/eypsrcnuygr/.rvm/rubies/ruby-3.1.2/include/ruby-3.1.0/ruby/backward -I/home/eypsrcnuygr/.rvm/rubies/ruby-3.1.2/include/ruby-3.1.0 -I.  -I/usr/local/ssl/include    -O3 -fno-fast-math -ggdb3 -Wall -Wextra -Wdeprecated-declarations -Wduplicated-cond -Wimplicit-function-declaration -Wimplicit-int -Wmisleading-indentation -Wpointer-arith -Wwrite-strings -Wimplicit-fallthrough=0 -Wmissing-noreturn -Wno-cast-function-type -Wno-constant-logical-operand -Wno-long-long -Wno-missing-field-initializers -Wno-overlength-strings -Wno-packed-bitfield-compat -Wno-parentheses-equality -Wno-self-assign -Wno-tautological-compare -Wno-unused-parameter -Wno-unused-value -Wsuggest-attribute=format -Wsuggest-attribute=noreturn -Wunused-variable -Wundef  -fPIC    -c conftest.c"
checked program was:
/* begin */
1: #include "ruby.h"
2: 
3: #include <openssl/bio.h>
/* end */

--------------------

have_func: checking for DTLS_method() in openssl/ssl.h... -------------------- no

LD_LIBRARY_PATH=.:/home/eypsrcnuygr/.rvm/rubies/ruby-3.1.2/lib "gcc -o conftest -I/home/eypsrcnuygr/.rvm/rubies/ruby-3.1.2/include/ruby-3.1.0/x86_64-linux -I/home/eypsrcnuygr/.rvm/rubies/ruby-3.1.2/include/ruby-3.1.0/ruby/backward -I/home/eypsrcnuygr/.rvm/rubies/ruby-3.1.2/include/ruby-3.1.0 -I.  -I/usr/local/ssl/include    -O3 -fno-fast-math -ggdb3 -Wall -Wextra -Wdeprecated-declarations -Wduplicated-cond -Wimplicit-function-declaration -Wimplicit-int -Wmisleading-indentation -Wpointer-arith -Wwrite-strings -Wimplicit-fallthrough=0 -Wmissing-noreturn -Wno-cast-function-type -Wno-constant-logical-operand -Wno-long-long -Wno-missing-field-initializers -Wno-overlength-strings -Wno-packed-bitfield-compat -Wno-parentheses-equality -Wno-self-assign -Wno-tautological-compare -Wno-unused-parameter -Wno-unused-value -Wsuggest-attribute=format -Wsuggest-attribute=noreturn -Wunused-variable -Wundef  -fPIC  conftest.c  -L. -L/home/eypsrcnuygr/.rvm/rubies/ruby-3.1.2/lib -Wl,-rpath,/home/eypsrcnuygr/.rvm/rubies/ruby-3.1.2/lib -L/usr/local/ssl/lib -Wl,-rpath,/usr/local/ssl/lib -L. -fstack-protector-strong -rdynamic -Wl,-export-dynamic -Wl,--no-as-needed      -lssl -lcrypto -Wl,-rpath,'/../lib' -Wl,-rpath,'/../lib' -lruby  -lssl -lcrypto -lm  -lc"
/usr/bin/ld: /usr/local/ssl/lib/libcrypto.a(dso_dlfcn.o): undefined reference to symbol 'dlclose@@GLIBC_2.2.5'
/usr/bin/ld: /lib/x86_64-linux-gnu/libdl.so.2: error adding symbols: DSO missing from command line
collect2: error: ld returned 1 exit status
checked program was:
/* begin */
 1: #include "ruby.h"
 2: 
 3: #include <openssl/ssl.h>
 4: 
 5: /*top*/
 6: extern int t(void);
 7: int main(int argc, char **argv)
 8: {
 9:   if (argc > 1000000) {
10:     int (* volatile tp)(void)=(int (*)(void))&t;
11:     printf("%d", (*tp)());
12:   }
13: 
14:   return !!argv[argc];
15: }
16: int t(void) { void ((*volatile p)()); p = (void ((*)()))DTLS_method; return !p; }
/* end */

LD_LIBRARY_PATH=.:/home/eypsrcnuygr/.rvm/rubies/ruby-3.1.2/lib "gcc -o conftest -I/home/eypsrcnuygr/.rvm/rubies/ruby-3.1.2/include/ruby-3.1.0/x86_64-linux -I/home/eypsrcnuygr/.rvm/rubies/ruby-3.1.2/include/ruby-3.1.0/ruby/backward -I/home/eypsrcnuygr/.rvm/rubies/ruby-3.1.2/include/ruby-3.1.0 -I.  -I/usr/local/ssl/include    -O3 -fno-fast-math -ggdb3 -Wall -Wextra -Wdeprecated-declarations -Wduplicated-cond -Wimplicit-function-declaration -Wimplicit-int -Wmisleading-indentation -Wpointer-arith -Wwrite-strings -Wimplicit-fallthrough=0 -Wmissing-noreturn -Wno-cast-function-type -Wno-constant-logical-operand -Wno-long-long -Wno-missing-field-initializers -Wno-overlength-strings -Wno-packed-bitfield-compat -Wno-parentheses-equality -Wno-self-assign -Wno-tautological-compare -Wno-unused-parameter -Wno-unused-value -Wsuggest-attribute=format -Wsuggest-attribute=noreturn -Wunused-variable -Wundef  -fPIC  conftest.c  -L. -L/home/eypsrcnuygr/.rvm/rubies/ruby-3.1.2/lib -Wl,-rpath,/home/eypsrcnuygr/.rvm/rubies/ruby-3.1.2/lib -L/usr/local/ssl/lib -Wl,-rpath,/usr/local/ssl/lib -L. -fstack-protector-strong -rdynamic -Wl,-export-dynamic -Wl,--no-as-needed      -lssl -lcrypto -Wl,-rpath,'/../lib' -Wl,-rpath,'/../lib' -lruby  -lssl -lcrypto -lm  -lc"
conftest.c:16:13: error: conflicting types for ‘DTLS_method’
   16 | extern void DTLS_method();
      |             ^~~~~~~~~~~
In file included from conftest.c:3:
/usr/local/ssl/include/openssl/ssl.h:2387:19: note: previous declaration of ‘DTLS_method’ was here
 2387 | const SSL_METHOD *DTLS_method(void); /* DTLS 1.0 and 1.2 */
      |                   ^~~~~~~~~~~
cc1: warning: unrecognized command line option ‘-Wno-self-assign’
cc1: warning: unrecognized command line option ‘-Wno-parentheses-equality’
cc1: warning: unrecognized command line option ‘-Wno-constant-logical-operand’
checked program was:
/* begin */
 1: #include "ruby.h"
 2: 
 3: #include <openssl/ssl.h>
 4: 
 5: /*top*/
 6: extern int t(void);
 7: int main(int argc, char **argv)
 8: {
 9:   if (argc > 1000000) {
10:     int (* volatile tp)(void)=(int (*)(void))&t;
11:     printf("%d", (*tp)());
12:   }
13: 
14:   return !!argv[argc];
15: }
16: extern void DTLS_method();
17: int t(void) { DTLS_method(); return 0; }
/* end */

--------------------

have_func: checking for TLS_server_method() in openssl/ssl.h... -------------------- no

LD_LIBRARY_PATH=.:/home/eypsrcnuygr/.rvm/rubies/ruby-3.1.2/lib "gcc -o conftest -I/home/eypsrcnuygr/.rvm/rubies/ruby-3.1.2/include/ruby-3.1.0/x86_64-linux -I/home/eypsrcnuygr/.rvm/rubies/ruby-3.1.2/include/ruby-3.1.0/ruby/backward -I/home/eypsrcnuygr/.rvm/rubies/ruby-3.1.2/include/ruby-3.1.0 -I.  -I/usr/local/ssl/include    -O3 -fno-fast-math -ggdb3 -Wall -Wextra -Wdeprecated-declarations -Wduplicated-cond -Wimplicit-function-declaration -Wimplicit-int -Wmisleading-indentation -Wpointer-arith -Wwrite-strings -Wimplicit-fallthrough=0 -Wmissing-noreturn -Wno-cast-function-type -Wno-constant-logical-operand -Wno-long-long -Wno-missing-field-initializers -Wno-overlength-strings -Wno-packed-bitfield-compat -Wno-parentheses-equality -Wno-self-assign -Wno-tautological-compare -Wno-unused-parameter -Wno-unused-value -Wsuggest-attribute=format -Wsuggest-attribute=noreturn -Wunused-variable -Wundef  -fPIC  conftest.c  -L. -L/home/eypsrcnuygr/.rvm/rubies/ruby-3.1.2/lib -Wl,-rpath,/home/eypsrcnuygr/.rvm/rubies/ruby-3.1.2/lib -L/usr/local/ssl/lib -Wl,-rpath,/usr/local/ssl/lib -L. -fstack-protector-strong -rdynamic -Wl,-export-dynamic -Wl,--no-as-needed      -lssl -lcrypto -Wl,-rpath,'/../lib' -Wl,-rpath,'/../lib' -lruby  -lssl -lcrypto -lm  -lc"
conftest.c: In function ‘t’:
conftest.c:16:57: error: ‘TLS_server_method’ undeclared (first use in this function); did you mean ‘DTLS_server_method’?
   16 | int t(void) { void ((*volatile p)()); p = (void ((*)()))TLS_server_method; return !p; }
      |                                                         ^~~~~~~~~~~~~~~~~
      |                                                         DTLS_server_method
conftest.c:16:57: note: each undeclared identifier is reported only once for each function it appears in
conftest.c: At top level:
cc1: warning: unrecognized command line option ‘-Wno-self-assign’
cc1: warning: unrecognized command line option ‘-Wno-parentheses-equality’
cc1: warning: unrecognized command line option ‘-Wno-constant-logical-operand’
checked program was:
/* begin */
 1: #include "ruby.h"
 2: 
 3: #include <openssl/ssl.h>
 4: 
 5: /*top*/
 6: extern int t(void);
 7: int main(int argc, char **argv)
 8: {
 9:   if (argc > 1000000) {
10:     int (* volatile tp)(void)=(int (*)(void))&t;
11:     printf("%d", (*tp)());
12:   }
13: 
14:   return !!argv[argc];
15: }
16: int t(void) { void ((*volatile p)()); p = (void ((*)()))TLS_server_method; return !p; }
/* end */

LD_LIBRARY_PATH=.:/home/eypsrcnuygr/.rvm/rubies/ruby-3.1.2/lib "gcc -o conftest -I/home/eypsrcnuygr/.rvm/rubies/ruby-3.1.2/include/ruby-3.1.0/x86_64-linux -I/home/eypsrcnuygr/.rvm/rubies/ruby-3.1.2/include/ruby-3.1.0/ruby/backward -I/home/eypsrcnuygr/.rvm/rubies/ruby-3.1.2/include/ruby-3.1.0 -I.  -I/usr/local/ssl/include    -O3 -fno-fast-math -ggdb3 -Wall -Wextra -Wdeprecated-declarations -Wduplicated-cond -Wimplicit-function-declaration -Wimplicit-int -Wmisleading-indentation -Wpointer-arith -Wwrite-strings -Wimplicit-fallthrough=0 -Wmissing-noreturn -Wno-cast-function-type -Wno-constant-logical-operand -Wno-long-long -Wno-missing-field-initializers -Wno-overlength-strings -Wno-packed-bitfield-compat -Wno-parentheses-equality -Wno-self-assign -Wno-tautological-compare -Wno-unused-parameter -Wno-unused-value -Wsuggest-attribute=format -Wsuggest-attribute=noreturn -Wunused-variable -Wundef  -fPIC  conftest.c  -L. -L/home/eypsrcnuygr/.rvm/rubies/ruby-3.1.2/lib -Wl,-rpath,/home/eypsrcnuygr/.rvm/rubies/ruby-3.1.2/lib -L/usr/local/ssl/lib -Wl,-rpath,/usr/local/ssl/lib -L. -fstack-protector-strong -rdynamic -Wl,-export-dynamic -Wl,--no-as-needed      -lssl -lcrypto -Wl,-rpath,'/../lib' -Wl,-rpath,'/../lib' -lruby  -lssl -lcrypto -lm  -lc"
/usr/bin/ld: /tmp/ccSLG98T.o: in function `t':
/home/eypsrcnuygr/personal/wordle_tutorial/vendor/ruby/ruby/3.1.0/gems/puma-5.6.5/ext/puma_http11/conftest.c:17: undefined reference to `TLS_server_method'
collect2: error: ld returned 1 exit status
checked program was:
/* begin */
 1: #include "ruby.h"
 2: 
 3: #include <openssl/ssl.h>
 4: 
 5: /*top*/
 6: extern int t(void);
 7: int main(int argc, char **argv)
 8: {
 9:   if (argc > 1000000) {
10:     int (* volatile tp)(void)=(int (*)(void))&t;
11:     printf("%d", (*tp)());
12:   }
13: 
14:   return !!argv[argc];
15: }
16: extern void TLS_server_method();
17: int t(void) { TLS_server_method(); return 0; }
/* end */

--------------------

have_func: checking for SSL_CTX_set_min_proto_version(NULL, 0) in openssl/ssl.h... -------------------- no

LD_LIBRARY_PATH=.:/home/eypsrcnuygr/.rvm/rubies/ruby-3.1.2/lib "gcc -o conftest -I/home/eypsrcnuygr/.rvm/rubies/ruby-3.1.2/include/ruby-3.1.0/x86_64-linux -I/home/eypsrcnuygr/.rvm/rubies/ruby-3.1.2/include/ruby-3.1.0/ruby/backward -I/home/eypsrcnuygr/.rvm/rubies/ruby-3.1.2/include/ruby-3.1.0 -I.  -I/usr/local/ssl/include    -O3 -fno-fast-math -ggdb3 -Wall -Wextra -Wdeprecated-declarations -Wduplicated-cond -Wimplicit-function-declaration -Wimplicit-int -Wmisleading-indentation -Wpointer-arith -Wwrite-strings -Wimplicit-fallthrough=0 -Wmissing-noreturn -Wno-cast-function-type -Wno-constant-logical-operand -Wno-long-long -Wno-missing-field-initializers -Wno-overlength-strings -Wno-packed-bitfield-compat -Wno-parentheses-equality -Wno-self-assign -Wno-tautological-compare -Wno-unused-parameter -Wno-unused-value -Wsuggest-attribute=format -Wsuggest-attribute=noreturn -Wunused-variable -Wundef  -fPIC  conftest.c  -L. -L/home/eypsrcnuygr/.rvm/rubies/ruby-3.1.2/lib -Wl,-rpath,/home/eypsrcnuygr/.rvm/rubies/ruby-3.1.2/lib -L/usr/local/ssl/lib -Wl,-rpath,/usr/local/ssl/lib -L. -fstack-protector-strong -rdynamic -Wl,-export-dynamic -Wl,--no-as-needed      -lssl -lcrypto -Wl,-rpath,'/../lib' -Wl,-rpath,'/../lib' -lruby  -lssl -lcrypto -lm  -lc"
conftest.c: In function ‘t’:
conftest.c:17:15: warning: implicit declaration of function ‘SSL_CTX_set_min_proto_version’; did you mean ‘SSL_CTX_set_ssl_version’? [-Wimplicit-function-declaration]
   17 | int t(void) { SSL_CTX_set_min_proto_version(NULL, 0); return 0; }
      |               ^~~~~~~~~~~~~~~~~~~~~~~~~~~~~
      |               SSL_CTX_set_ssl_version
conftest.c: At top level:
cc1: warning: unrecognized command line option ‘-Wno-self-assign’
cc1: warning: unrecognized command line option ‘-Wno-parentheses-equality’
cc1: warning: unrecognized command line option ‘-Wno-constant-logical-operand’
/usr/bin/ld: /tmp/ccSVQ7SN.o: in function `t':
/home/eypsrcnuygr/personal/wordle_tutorial/vendor/ruby/ruby/3.1.0/gems/puma-5.6.5/ext/puma_http11/conftest.c:17: undefined reference to `SSL_CTX_set_min_proto_version'
collect2: error: ld returned 1 exit status
checked program was:
/* begin */
 1: #include "ruby.h"
 2: 
 3: #include <openssl/ssl.h>
 4: 
 5: /*top*/
 6: extern int t(void);
 7: int main(int argc, char **argv)
 8: {
 9:   if (argc > 1000000) {
10:     int (* volatile tp)(void)=(int (*)(void))&t;
11:     printf("%d", (*tp)());
12:   }
13: 
14:   return !!argv[argc];
15: }
16: 
17: int t(void) { SSL_CTX_set_min_proto_version(NULL, 0); return 0; }
/* end */

--------------------

have_func: checking for X509_STORE_up_ref()... -------------------- no

LD_LIBRARY_PATH=.:/home/eypsrcnuygr/.rvm/rubies/ruby-3.1.2/lib "gcc -o conftest -I/home/eypsrcnuygr/.rvm/rubies/ruby-3.1.2/include/ruby-3.1.0/x86_64-linux -I/home/eypsrcnuygr/.rvm/rubies/ruby-3.1.2/include/ruby-3.1.0/ruby/backward -I/home/eypsrcnuygr/.rvm/rubies/ruby-3.1.2/include/ruby-3.1.0 -I.  -I/usr/local/ssl/include    -O3 -fno-fast-math -ggdb3 -Wall -Wextra -Wdeprecated-declarations -Wduplicated-cond -Wimplicit-function-declaration -Wimplicit-int -Wmisleading-indentation -Wpointer-arith -Wwrite-strings -Wimplicit-fallthrough=0 -Wmissing-noreturn -Wno-cast-function-type -Wno-constant-logical-operand -Wno-long-long -Wno-missing-field-initializers -Wno-overlength-strings -Wno-packed-bitfield-compat -Wno-parentheses-equality -Wno-self-assign -Wno-tautological-compare -Wno-unused-parameter -Wno-unused-value -Wsuggest-attribute=format -Wsuggest-attribute=noreturn -Wunused-variable -Wundef  -fPIC  conftest.c  -L. -L/home/eypsrcnuygr/.rvm/rubies/ruby-3.1.2/lib -Wl,-rpath,/home/eypsrcnuygr/.rvm/rubies/ruby-3.1.2/lib -L/usr/local/ssl/lib -Wl,-rpath,/usr/local/ssl/lib -L. -fstack-protector-strong -rdynamic -Wl,-export-dynamic -Wl,--no-as-needed      -lssl -lcrypto -Wl,-rpath,'/../lib' -Wl,-rpath,'/../lib' -lruby  -lssl -lcrypto -lm  -lc"
conftest.c: In function ‘t’:
conftest.c:14:57: error: ‘X509_STORE_up_ref’ undeclared (first use in this function)
   14 | int t(void) { void ((*volatile p)()); p = (void ((*)()))X509_STORE_up_ref; return !p; }
      |                                                         ^~~~~~~~~~~~~~~~~
conftest.c:14:57: note: each undeclared identifier is reported only once for each function it appears in
conftest.c: At top level:
cc1: warning: unrecognized command line option ‘-Wno-self-assign’
cc1: warning: unrecognized command line option ‘-Wno-parentheses-equality’
cc1: warning: unrecognized command line option ‘-Wno-constant-logical-operand’
checked program was:
/* begin */
 1: #include "ruby.h"
 2: 
 3: /*top*/
 4: extern int t(void);
 5: int main(int argc, char **argv)
 6: {
 7:   if (argc > 1000000) {
 8:     int (* volatile tp)(void)=(int (*)(void))&t;
 9:     printf("%d", (*tp)());
10:   }
11: 
12:   return !!argv[argc];
13: }
14: int t(void) { void ((*volatile p)()); p = (void ((*)()))X509_STORE_up_ref; return !p; }
/* end */

LD_LIBRARY_PATH=.:/home/eypsrcnuygr/.rvm/rubies/ruby-3.1.2/lib "gcc -o conftest -I/home/eypsrcnuygr/.rvm/rubies/ruby-3.1.2/include/ruby-3.1.0/x86_64-linux -I/home/eypsrcnuygr/.rvm/rubies/ruby-3.1.2/include/ruby-3.1.0/ruby/backward -I/home/eypsrcnuygr/.rvm/rubies/ruby-3.1.2/include/ruby-3.1.0 -I.  -I/usr/local/ssl/include    -O3 -fno-fast-math -ggdb3 -Wall -Wextra -Wdeprecated-declarations -Wduplicated-cond -Wimplicit-function-declaration -Wimplicit-int -Wmisleading-indentation -Wpointer-arith -Wwrite-strings -Wimplicit-fallthrough=0 -Wmissing-noreturn -Wno-cast-function-type -Wno-constant-logical-operand -Wno-long-long -Wno-missing-field-initializers -Wno-overlength-strings -Wno-packed-bitfield-compat -Wno-parentheses-equality -Wno-self-assign -Wno-tautological-compare -Wno-unused-parameter -Wno-unused-value -Wsuggest-attribute=format -Wsuggest-attribute=noreturn -Wunused-variable -Wundef  -fPIC  conftest.c  -L. -L/home/eypsrcnuygr/.rvm/rubies/ruby-3.1.2/lib -Wl,-rpath,/home/eypsrcnuygr/.rvm/rubies/ruby-3.1.2/lib -L/usr/local/ssl/lib -Wl,-rpath,/usr/local/ssl/lib -L. -fstack-protector-strong -rdynamic -Wl,-export-dynamic -Wl,--no-as-needed      -lssl -lcrypto -Wl,-rpath,'/../lib' -Wl,-rpath,'/../lib' -lruby  -lssl -lcrypto -lm  -lc"
/usr/bin/ld: /tmp/ccLVQqnO.o: in function `t':
/home/eypsrcnuygr/personal/wordle_tutorial/vendor/ruby/ruby/3.1.0/gems/puma-5.6.5/ext/puma_http11/conftest.c:15: undefined reference to `X509_STORE_up_ref'
collect2: error: ld returned 1 exit status
checked program was:
/* begin */
 1: #include "ruby.h"
 2: 
 3: /*top*/
 4: extern int t(void);
 5: int main(int argc, char **argv)
 6: {
 7:   if (argc > 1000000) {
 8:     int (* volatile tp)(void)=(int (*)(void))&t;
 9:     printf("%d", (*tp)());
10:   }
11: 
12:   return !!argv[argc];
13: }
14: extern void X509_STORE_up_ref();
15: int t(void) { X509_STORE_up_ref(); return 0; }
/* end */

--------------------

have_func: checking for SSL_CTX_set_ecdh_auto(NULL, 0) in openssl/ssl.h... -------------------- no

LD_LIBRARY_PATH=.:/home/eypsrcnuygr/.rvm/rubies/ruby-3.1.2/lib "gcc -o conftest -I/home/eypsrcnuygr/.rvm/rubies/ruby-3.1.2/include/ruby-3.1.0/x86_64-linux -I/home/eypsrcnuygr/.rvm/rubies/ruby-3.1.2/include/ruby-3.1.0/ruby/backward -I/home/eypsrcnuygr/.rvm/rubies/ruby-3.1.2/include/ruby-3.1.0 -I.  -I/usr/local/ssl/include    -O3 -fno-fast-math -ggdb3 -Wall -Wextra -Wdeprecated-declarations -Wduplicated-cond -Wimplicit-function-declaration -Wimplicit-int -Wmisleading-indentation -Wpointer-arith -Wwrite-strings -Wimplicit-fallthrough=0 -Wmissing-noreturn -Wno-cast-function-type -Wno-constant-logical-operand -Wno-long-long -Wno-missing-field-initializers -Wno-overlength-strings -Wno-packed-bitfield-compat -Wno-parentheses-equality -Wno-self-assign -Wno-tautological-compare -Wno-unused-parameter -Wno-unused-value -Wsuggest-attribute=format -Wsuggest-attribute=noreturn -Wunused-variable -Wundef  -fPIC  conftest.c  -L. -L/home/eypsrcnuygr/.rvm/rubies/ruby-3.1.2/lib -Wl,-rpath,/home/eypsrcnuygr/.rvm/rubies/ruby-3.1.2/lib -L/usr/local/ssl/lib -Wl,-rpath,/usr/local/ssl/lib -L. -fstack-protector-strong -rdynamic -Wl,-export-dynamic -Wl,--no-as-needed      -lssl -lcrypto -Wl,-rpath,'/../lib' -Wl,-rpath,'/../lib' -lruby  -lssl -lcrypto -lm  -lc"
/usr/bin/ld: /usr/local/ssl/lib/libcrypto.a(dso_dlfcn.o): undefined reference to symbol 'dlclose@@GLIBC_2.2.5'
/usr/bin/ld: /lib/x86_64-linux-gnu/libdl.so.2: error adding symbols: DSO missing from command line
collect2: error: ld returned 1 exit status
checked program was:
/* begin */
 1: #include "ruby.h"
 2: 
 3: #include <openssl/ssl.h>
 4: 
 5: /*top*/
 6: extern int t(void);
 7: int main(int argc, char **argv)
 8: {
 9:   if (argc > 1000000) {
10:     int (* volatile tp)(void)=(int (*)(void))&t;
11:     printf("%d", (*tp)());
12:   }
13: 
14:   return !!argv[argc];
15: }
16: 
17: int t(void) { SSL_CTX_set_ecdh_auto(NULL, 0); return 0; }
/* end */

--------------------

have_func: checking for SSL_CTX_set_dh_auto(NULL, 0) in openssl/ssl.h... -------------------- no

LD_LIBRARY_PATH=.:/home/eypsrcnuygr/.rvm/rubies/ruby-3.1.2/lib "gcc -o conftest -I/home/eypsrcnuygr/.rvm/rubies/ruby-3.1.2/include/ruby-3.1.0/x86_64-linux -I/home/eypsrcnuygr/.rvm/rubies/ruby-3.1.2/include/ruby-3.1.0/ruby/backward -I/home/eypsrcnuygr/.rvm/rubies/ruby-3.1.2/include/ruby-3.1.0 -I.  -I/usr/local/ssl/include    -O3 -fno-fast-math -ggdb3 -Wall -Wextra -Wdeprecated-declarations -Wduplicated-cond -Wimplicit-function-declaration -Wimplicit-int -Wmisleading-indentation -Wpointer-arith -Wwrite-strings -Wimplicit-fallthrough=0 -Wmissing-noreturn -Wno-cast-function-type -Wno-constant-logical-operand -Wno-long-long -Wno-missing-field-initializers -Wno-overlength-strings -Wno-packed-bitfield-compat -Wno-parentheses-equality -Wno-self-assign -Wno-tautological-compare -Wno-unused-parameter -Wno-unused-value -Wsuggest-attribute=format -Wsuggest-attribute=noreturn -Wunused-variable -Wundef  -fPIC  conftest.c  -L. -L/home/eypsrcnuygr/.rvm/rubies/ruby-3.1.2/lib -Wl,-rpath,/home/eypsrcnuygr/.rvm/rubies/ruby-3.1.2/lib -L/usr/local/ssl/lib -Wl,-rpath,/usr/local/ssl/lib -L. -fstack-protector-strong -rdynamic -Wl,-export-dynamic -Wl,--no-as-needed      -lssl -lcrypto -Wl,-rpath,'/../lib' -Wl,-rpath,'/../lib' -lruby  -lssl -lcrypto -lm  -lc"
conftest.c: In function ‘t’:
conftest.c:17:15: warning: implicit declaration of function ‘SSL_CTX_set_dh_auto’; did you mean ‘SSL_CTX_set_ecdh_auto’? [-Wimplicit-function-declaration]
   17 | int t(void) { SSL_CTX_set_dh_auto(NULL, 0); return 0; }
      |               ^~~~~~~~~~~~~~~~~~~
      |               SSL_CTX_set_ecdh_auto
conftest.c: At top level:
cc1: warning: unrecognized command line option ‘-Wno-self-assign’
cc1: warning: unrecognized command line option ‘-Wno-parentheses-equality’
cc1: warning: unrecognized command line option ‘-Wno-constant-logical-operand’
/usr/bin/ld: /tmp/ccLZVDkL.o: in function `t':
/home/eypsrcnuygr/personal/wordle_tutorial/vendor/ruby/ruby/3.1.0/gems/puma-5.6.5/ext/puma_http11/conftest.c:17: undefined reference to `SSL_CTX_set_dh_auto'
collect2: error: ld returned 1 exit status
checked program was:
/* begin */
 1: #include "ruby.h"
 2: 
 3: #include <openssl/ssl.h>
 4: 
 5: /*top*/
 6: extern int t(void);
 7: int main(int argc, char **argv)
 8: {
 9:   if (argc > 1000000) {
10:     int (* volatile tp)(void)=(int (*)(void))&t;
11:     printf("%d", (*tp)());
12:   }
13: 
14:   return !!argv[argc];
15: }
16: 
17: int t(void) { SSL_CTX_set_dh_auto(NULL, 0); return 0; }
/* end */

--------------------

have_func: checking for SSL_get1_peer_certificate() in openssl/ssl.h... -------------------- no

LD_LIBRARY_PATH=.:/home/eypsrcnuygr/.rvm/rubies/ruby-3.1.2/lib "gcc -o conftest -I/home/eypsrcnuygr/.rvm/rubies/ruby-3.1.2/include/ruby-3.1.0/x86_64-linux -I/home/eypsrcnuygr/.rvm/rubies/ruby-3.1.2/include/ruby-3.1.0/ruby/backward -I/home/eypsrcnuygr/.rvm/rubies/ruby-3.1.2/include/ruby-3.1.0 -I.  -I/usr/local/ssl/include    -O3 -fno-fast-math -ggdb3 -Wall -Wextra -Wdeprecated-declarations -Wduplicated-cond -Wimplicit-function-declaration -Wimplicit-int -Wmisleading-indentation -Wpointer-arith -Wwrite-strings -Wimplicit-fallthrough=0 -Wmissing-noreturn -Wno-cast-function-type -Wno-constant-logical-operand -Wno-long-long -Wno-missing-field-initializers -Wno-overlength-strings -Wno-packed-bitfield-compat -Wno-parentheses-equality -Wno-self-assign -Wno-tautological-compare -Wno-unused-parameter -Wno-unused-value -Wsuggest-attribute=format -Wsuggest-attribute=noreturn -Wunused-variable -Wundef  -fPIC  conftest.c  -L. -L/home/eypsrcnuygr/.rvm/rubies/ruby-3.1.2/lib -Wl,-rpath,/home/eypsrcnuygr/.rvm/rubies/ruby-3.1.2/lib -L/usr/local/ssl/lib -Wl,-rpath,/usr/local/ssl/lib -L. -fstack-protector-strong -rdynamic -Wl,-export-dynamic -Wl,--no-as-needed      -lssl -lcrypto -Wl,-rpath,'/../lib' -Wl,-rpath,'/../lib' -lruby  -lssl -lcrypto -lm  -lc"
conftest.c: In function ‘t’:
conftest.c:16:57: error: ‘SSL_get1_peer_certificate’ undeclared (first use in this function); did you mean ‘SSL_get_peer_certificate’?
   16 | int t(void) { void ((*volatile p)()); p = (void ((*)()))SSL_get1_peer_certificate; return !p; }
      |                                                         ^~~~~~~~~~~~~~~~~~~~~~~~~
      |                                                         SSL_get_peer_certificate
conftest.c:16:57: note: each undeclared identifier is reported only once for each function it appears in
conftest.c: At top level:
cc1: warning: unrecognized command line option ‘-Wno-self-assign’
cc1: warning: unrecognized command line option ‘-Wno-parentheses-equality’
cc1: warning: unrecognized command line option ‘-Wno-constant-logical-operand’
checked program was:
/* begin */
 1: #include "ruby.h"
 2: 
 3: #include <openssl/ssl.h>
 4: 
 5: /*top*/
 6: extern int t(void);
 7: int main(int argc, char **argv)
 8: {
 9:   if (argc > 1000000) {
10:     int (* volatile tp)(void)=(int (*)(void))&t;
11:     printf("%d", (*tp)());
12:   }
13: 
14:   return !!argv[argc];
15: }
16: int t(void) { void ((*volatile p)()); p = (void ((*)()))SSL_get1_peer_certificate; return !p; }
/* end */

LD_LIBRARY_PATH=.:/home/eypsrcnuygr/.rvm/rubies/ruby-3.1.2/lib "gcc -o conftest -I/home/eypsrcnuygr/.rvm/rubies/ruby-3.1.2/include/ruby-3.1.0/x86_64-linux -I/home/eypsrcnuygr/.rvm/rubies/ruby-3.1.2/include/ruby-3.1.0/ruby/backward -I/home/eypsrcnuygr/.rvm/rubies/ruby-3.1.2/include/ruby-3.1.0 -I.  -I/usr/local/ssl/include    -O3 -fno-fast-math -ggdb3 -Wall -Wextra -Wdeprecated-declarations -Wduplicated-cond -Wimplicit-function-declaration -Wimplicit-int -Wmisleading-indentation -Wpointer-arith -Wwrite-strings -Wimplicit-fallthrough=0 -Wmissing-noreturn -Wno-cast-function-type -Wno-constant-logical-operand -Wno-long-long -Wno-missing-field-initializers -Wno-overlength-strings -Wno-packed-bitfield-compat -Wno-parentheses-equality -Wno-self-assign -Wno-tautological-compare -Wno-unused-parameter -Wno-unused-value -Wsuggest-attribute=format -Wsuggest-attribute=noreturn -Wunused-variable -Wundef  -fPIC  conftest.c  -L. -L/home/eypsrcnuygr/.rvm/rubies/ruby-3.1.2/lib -Wl,-rpath,/home/eypsrcnuygr/.rvm/rubies/ruby-3.1.2/lib -L/usr/local/ssl/lib -Wl,-rpath,/usr/local/ssl/lib -L. -fstack-protector-strong -rdynamic -Wl,-export-dynamic -Wl,--no-as-needed      -lssl -lcrypto -Wl,-rpath,'/../lib' -Wl,-rpath,'/../lib' -lruby  -lssl -lcrypto -lm  -lc"
/usr/bin/ld: /tmp/ccPMGltr.o: in function `t':
/home/eypsrcnuygr/personal/wordle_tutorial/vendor/ruby/ruby/3.1.0/gems/puma-5.6.5/ext/puma_http11/conftest.c:17: undefined reference to `SSL_get1_peer_certificate'
collect2: error: ld returned 1 exit status
checked program was:
/* begin */
 1: #include "ruby.h"
 2: 
 3: #include <openssl/ssl.h>
 4: 
 5: /*top*/
 6: extern int t(void);
 7: int main(int argc, char **argv)
 8: {
 9:   if (argc > 1000000) {
10:     int (* volatile tp)(void)=(int (*)(void))&t;
11:     printf("%d", (*tp)());
12:   }
13: 
14:   return !!argv[argc];
15: }
16: extern void SSL_get1_peer_certificate();
17: int t(void) { SSL_get1_peer_certificate(); return 0; }
/* end */

--------------------

